-------------------------------------------------------------------------------
Test set: Test1
-------------------------------------------------------------------------------
Tests run: 1, Failures: 1, Errors: 0, Skipped: 0, Time elapsed: 14.031 sec <<< FAILURE!
test1(Test1)  Time elapsed: 0.394 sec  <<< FAILURE!
java.lang.AssertionError: expected [Tours de votación_] but found [Tours de votación]
	at org.testng.Assert.fail(Assert.java:97)
	at org.testng.Assert.assertEqualsImpl(Assert.java:136)
	at org.testng.Assert.assertEquals(Assert.java:118)
	at org.testng.Assert.assertEquals(Assert.java:575)
	at org.testng.Assert.assertEquals(Assert.java:585)
	at com.cursoselenium.library.checks.HardAssertTest.elementIsDisplayedAndTextEquals(HardAssertTest.java:54)
	at com.cursoselenium.Pages.VoteToursPage.confirmIdentity(VoteToursPage.java:23)
	at com.cursoselenium.Pages.VoteToursPage.<init>(VoteToursPage.java:18)
	at Test1.test1(Test1.java:24)

